2022-03-11 20:03:12 [INFO ]  ################################################################################
2022-03-11 20:03:12 [INFO ]  
2022-03-11 20:03:12 [INFO ]  Installing FREEDOM ROBOTICS Micro Service
2022-03-11 20:03:12 [INFO ]  
2022-03-11 20:03:12 [INFO ]  Copyright Freedom Robotics Inc 2021. All rights reserved. Confidential.
2022-03-11 20:03:12 [INFO ]  
2022-03-11 20:03:12 [INFO ]  ################################################################################
2022-03-11 20:03:12 [DEBUG]  		EXECUTING SYSTEM COMMAND: /bin/bash -c "whoami"
2022-03-11 20:03:15 [DEBUG]  		SUCCESS RESPONSE CODE: 0, EXECUTION TIME: 3.31s
2022-03-11 20:03:15 [DEBUG]  		EXECUTING SYSTEM COMMAND: /bin/bash -c "sudo -nv"
2022-03-11 20:03:18 [DEBUG]  		STANDARD ERROR:
2022-03-11 20:03:18 [DEBUG]  			sudo: a password is required
2022-03-11 20:03:18 [DEBUG]  		ERROR RESPONSE CODE: 1, EXECUTION TIME: 3.36s
2022-03-11 20:03:18 [INFO ]  
2022-03-11 20:03:18 [INFO ]  Please enter the sudo password to enable install to set up the
Freedom SYSTEM SERVICE, Remote SSH, etc... for the Freedom Agent.
(This will time out after 60 seconds and continue without installing
the services.)
2022-03-11 20:03:18 [INFO ]  
2022-03-11 20:03:18 [DEBUG]  		EXECUTING SYSTEM COMMAND: /bin/bash -c "sudo -v"
2022-03-11 20:03:27 [DEBUG]  		SUCCESS RESPONSE CODE: 0, EXECUTION TIME: 9.02s
2022-03-11 20:03:29 [DEBUG]  		EXECUTING SYSTEM COMMAND: /bin/bash -c "sudo -nv"
2022-03-11 20:03:33 [DEBUG]  		SUCCESS RESPONSE CODE: 0, EXECUTION TIME: 3.39s
2022-03-11 20:03:33 [INFO ]  
2022-03-11 20:03:33 [INFO ]  ################################################################################
2022-03-11 20:03:33 [INFO ]  
2022-03-11 20:03:33 [INFO ]  Step 1/7: VERIFYING PREREQUISITES
2022-03-11 20:03:33 [DEBUG]  		EXECUTING SYSTEM COMMAND: /bin/bash -c "/usr/bin/python -c 'import sys
import os
if (hasattr(sys, \"base_prefix\") and sys.base_prefix != sys.prefix) or hasattr(sys, \"real_prefix\") or os.environ.get(\"CONDA_PREFIX\"):
    print(\"Detected we are dealing with a virtual environment for /usr/bin/python\")'"
2022-03-11 20:03:37 [DEBUG]  		SUCCESS RESPONSE CODE: 0, EXECUTION TIME: 4.09s
2022-03-11 20:03:37 [DEBUG]  		EXECUTING SYSTEM COMMAND: /bin/bash -c "/usr/bin/python -m pip install -qq --user distro"
2022-03-11 20:03:40 [DEBUG]  		STANDARD ERROR:
2022-03-11 20:03:40 [DEBUG]  			/usr/bin/python: No module named pip
2022-03-11 20:03:40 [DEBUG]  		ERROR RESPONSE CODE: 1, EXECUTION TIME: 3.66s
2022-03-11 20:03:40 [DEBUG]  		EXECUTING SYSTEM COMMAND: /bin/bash -c "/usr/bin/python -m pip &> /dev/null"
2022-03-11 20:03:44 [DEBUG]  		ERROR RESPONSE CODE: 1, EXECUTION TIME: 3.54s
2022-03-11 20:03:44 [INFO ]  Installing pip for python2.7: /usr/bin/python. Please stand by.
2022-03-11 20:03:44 [DEBUG]  		EXECUTING SYSTEM COMMAND: /bin/bash -c "sudo -n apt-get update"
2022-03-11 20:03:56 [DEBUG]  		SUCCESS RESPONSE CODE: 0, EXECUTION TIME: 12.48s
2022-03-11 20:03:56 [DEBUG]  		EXECUTING SYSTEM COMMAND: /bin/bash -c "/usr/bin/python -m pip install -qq --user distro"
2022-03-11 20:04:00 [DEBUG]  		STANDARD ERROR:
2022-03-11 20:04:03 [DEBUG]  			/usr/bin/python: No module named pip
2022-03-11 20:04:03 [DEBUG]  		ERROR RESPONSE CODE: 1, EXECUTION TIME: 3.65s
2022-03-11 20:04:03 [DEBUG]  		EXECUTING SYSTEM COMMAND: /bin/bash -c "sudo -n  curl https://bootstrap.pypa.io/pip/2.7/get-pip.py -o /tmp/get-pip.py && sudo -n  /usr/bin/python /tmp/get-pip.py --user"
2022-03-11 20:04:31 [DEBUG]  		STANDARD ERROR:
2022-03-11 20:04:31 [DEBUG]  			% Total    % Received % Xferd  Average Speed   Time    Time     Time  Current
2022-03-11 20:04:31 [DEBUG]  			Dload  Upload   Total   Spent    Left  Speed
2022-03-11 20:04:31 [DEBUG]  			
2022-03-11 20:04:31 [DEBUG]  			0     0    0     0    0     0      0      0 --:--:-- --:--:-- --:--:--     0
2022-03-11 20:04:31 [DEBUG]  			100 1863k  100 1863k    0     0  4765k      0 --:--:-- --:--:-- --:--:-- 4765k
2022-03-11 20:04:31 [DEBUG]  			DEPRECATION: Python 2.7 reached the end of its life on January 1st, 2020. Please upgrade your Python as Python 2.7 is no longer maintained. pip 21.0 will drop support for Python 2.7 in January 2021. More details about Python 2 support in pip can be found at https://pip.pypa.io/en/latest/development/release-process/#python-2-support pip 21.0 will remove support for this functionality.
2022-03-11 20:04:31 [DEBUG]  			WARNING: The scripts pip, pip2 and pip2.7 are installed in '/root/.local/bin' which is not on PATH.
2022-03-11 20:04:31 [DEBUG]  			Consider adding this directory to PATH or, if you prefer to suppress this warning, use --no-warn-script-location.
2022-03-11 20:04:31 [DEBUG]  		SUCCESS RESPONSE CODE: 0, EXECUTION TIME: 27.75s
2022-03-11 20:04:31 [DEBUG]  		EXECUTING SYSTEM COMMAND: /bin/bash -c "which python3"
2022-03-11 20:04:35 [DEBUG]  		SUCCESS RESPONSE CODE: 0, EXECUTION TIME: 3.47s
2022-03-11 20:04:35 [DEBUG]  		EXECUTING SYSTEM COMMAND: /bin/bash -c "[running ~/.bashrc]
[running common_alias.bash]
/usr/bin/python3 -c 'import sys; print(\"{}.{}\".format(sys.version_info.major, sys.version_info.minor))'"
2022-03-11 20:04:38 [DEBUG]  		STANDARD ERROR:
2022-03-11 20:04:38 [DEBUG]  			/bin/bash: [running: command not found
2022-03-11 20:04:38 [DEBUG]  			/bin/bash: line 1: [running: command not found
2022-03-11 20:04:38 [DEBUG]  		SUCCESS RESPONSE CODE: 0, EXECUTION TIME: 3.69s
2022-03-11 20:04:38 [DEBUG]  Using the default python3 binary: [running ~/.bashrc]
[running common_alias.bash]
/usr/bin/python3
2022-03-11 20:04:38 [DEBUG]  		EXECUTING SYSTEM COMMAND: /bin/bash -c "[running ~/.bashrc]
[running common_alias.bash]
/usr/bin/python3 -c 'import sys; print(\"{}.{}\".format(sys.version_info.major, sys.version_info.minor))'"
2022-03-11 20:04:42 [DEBUG]  		STANDARD ERROR:
2022-03-11 20:04:42 [DEBUG]  			/bin/bash: [running: command not found
2022-03-11 20:04:42 [DEBUG]  			/bin/bash: line 1: [running: command not found
2022-03-11 20:04:42 [DEBUG]  		SUCCESS RESPONSE CODE: 0, EXECUTION TIME: 3.68s
2022-03-11 20:04:42 [DEBUG]  		EXECUTING SYSTEM COMMAND: /bin/bash -c "[running ~/.bashrc]
[running common_alias.bash]
/usr/bin/python3 -m pip &> /dev/null"
2022-03-11 20:04:52 [DEBUG]  		STANDARD ERROR:
2022-03-11 20:04:52 [DEBUG]  			/bin/bash: [running: command not found
2022-03-11 20:04:52 [DEBUG]  			/bin/bash: line 1: [running: command not found
2022-03-11 20:04:52 [DEBUG]  		SUCCESS RESPONSE CODE: 0, EXECUTION TIME: 9.63s
2022-03-11 20:04:54 [DEBUG]  Urllib2 can be use for ssl communication.
2022-03-11 20:04:54 [DEBUG]  		EXECUTING SYSTEM COMMAND: /bin/bash -c "/usr/bin/python -c 'import sys; print(\"{}.{}\".format(sys.version_info.major, sys.version_info.minor))'"
2022-03-11 20:04:57 [DEBUG]  		SUCCESS RESPONSE CODE: 0, EXECUTION TIME: 3.51s
2022-03-11 20:04:58 [DEBUG]  		EXECUTING SYSTEM COMMAND: /bin/bash -c "which ros2"
2022-03-11 20:05:01 [DEBUG]  		ERROR RESPONSE CODE: 1, EXECUTION TIME: 3.46s
2022-03-11 20:05:01 [DEBUG]  Executable `ros2` was not found using current PATH: Command '/bin/bash -c "which ros2"' returned non-zero exit status 1
2022-03-11 20:05:01 [DEBUG]  		EXECUTING SYSTEM COMMAND: /bin/bash -c "/usr/bin/python -m pip install  --user  rospkg"
2022-03-11 20:05:05 [DEBUG]  		STANDARD ERROR:
2022-03-11 20:05:05 [DEBUG]  			/usr/bin/python: No module named pip
2022-03-11 20:05:05 [DEBUG]  		ERROR RESPONSE CODE: 1, EXECUTION TIME: 3.59s
2022-03-11 20:05:05 [INFO ]  
2022-03-11 20:05:05 [INFO ]  
2022-03-11 20:05:05 [INFO ]  
2022-03-11 20:05:05 [CRITI]  [31m################################################################################[39m
2022-03-11 20:05:05 [CRITI]  [31m[39m
2022-03-11 20:05:05 [CRITI]  [31mINSTALL DID NOT COMPLETE SUCCESSFULLY[39m
2022-03-11 20:05:05 [CRITI]  [31m[39m
2022-03-11 20:05:05 [CRITI]  [31mFailed to install dependent ros python packages: [running ~/.bashrc]
[running common_alias.bash][39m
2022-03-11 20:05:05 [CRITI]  [31m[39m
2022-03-11 20:05:05 [CRITI]  [31m############################################################[39m
2022-03-11 20:05:05 [CRITI]  [31m[39m
2022-03-11 20:05:05 [CRITI]  [31m( NO STACK TRACE REPORTED )[39m
2022-03-11 20:05:05 [CRITI]  [31m[39m
2022-03-11 20:05:05 [CRITI]  [31m############################################################[39m
2022-03-11 20:05:05 [CRITI]  [31m[39m
2022-03-11 20:05:05 [CRITI]  [31mSTOPPING AGENT IF NECESSARY AND UNINSTALLING[39m
2022-03-11 20:05:05 [DEBUG]  		EXECUTING SYSTEM COMMAND: /bin/bash -c "sudo -n service freedomrobotics stop"
2022-03-11 20:05:21 [DEBUG]  		STANDARD ERROR:
2022-03-11 20:05:21 [DEBUG]  			Failed to stop freedomrobotics.service: Unit freedomrobotics.service not loaded.
2022-03-11 20:05:21 [DEBUG]  		ERROR RESPONSE CODE: 5, EXECUTION TIME: 16.40s
2022-03-11 20:05:21 [CRITI]  [31m    - AGENT NOT RUNNING[39m
2022-03-11 20:05:21 [DEBUG]  		EXECUTING SYSTEM COMMAND: /bin/bash -c "sudo -n systemctl daemon-reload"
2022-03-11 20:05:27 [DEBUG]  		SUCCESS RESPONSE CODE: 0, EXECUTION TIME: 5.96s
2022-03-11 20:05:27 [DEBUG]  Systemd / Systemctl are running so registering as systemd service
2022-03-11 20:05:27 [DEBUG]  		EXECUTING SYSTEM COMMAND: /bin/bash -c "/usr/bin/python -m pip show freedomrobotics | grep \"Location: \""
2022-03-11 20:05:31 [DEBUG]  		STANDARD ERROR:
2022-03-11 20:05:31 [DEBUG]  			/usr/bin/python: No module named pip
2022-03-11 20:05:31 [DEBUG]  		ERROR RESPONSE CODE: 1, EXECUTION TIME: 3.71s
2022-03-11 20:05:31 [DEBUG]  Unhandled exception trying to remove service: Could not find freedomrobotics python package install location:  Command '/bin/bash -c "/usr/bin/python -m pip show freedomrobotics | grep \"Location: \""' returned non-zero exit status 1
2022-03-11 20:05:31 [DEBUG]  		EXECUTING SYSTEM COMMAND: /bin/bash -c "/usr/bin/python -c 'import sys; print(\"{}.{}\".format(sys.version_info.major, sys.version_info.minor))'"
2022-03-11 20:05:35 [DEBUG]  		SUCCESS RESPONSE CODE: 0, EXECUTION TIME: 3.64s
2022-03-11 20:05:35 [DEBUG]  		EXECUTING SYSTEM COMMAND: /bin/bash -c "/usr/bin/python -m pip show freedomrobotics"
2022-03-11 20:05:38 [DEBUG]  		STANDARD ERROR:
2022-03-11 20:05:38 [DEBUG]  			/usr/bin/python: No module named pip
2022-03-11 20:05:38 [DEBUG]  		ERROR RESPONSE CODE: 1, EXECUTION TIME: 3.63s
2022-03-11 20:05:38 [CRITI]  [31m    - PACKAGE NOT INSTALLED ([running ~/.bashrc]
[running common_alias.bash]
2.7)[39m
2022-03-11 20:05:38 [DEBUG]  		EXECUTING SYSTEM COMMAND: /bin/bash -c "[running ~/.bashrc]
[running common_alias.bash]
/usr/bin/python3 -c 'import sys; print(\"{}.{}\".format(sys.version_info.major, sys.version_info.minor))'"
2022-03-11 20:05:42 [DEBUG]  		STANDARD ERROR:
2022-03-11 20:05:42 [DEBUG]  			/bin/bash: [running: command not found
2022-03-11 20:05:42 [DEBUG]  			/bin/bash: line 1: [running: command not found
2022-03-11 20:05:42 [DEBUG]  		SUCCESS RESPONSE CODE: 0, EXECUTION TIME: 3.74s
2022-03-11 20:05:42 [DEBUG]  		EXECUTING SYSTEM COMMAND: /bin/bash -c "[running ~/.bashrc]
[running common_alias.bash]
/usr/bin/python3 -m pip show freedomrobotics"
2022-03-11 20:05:52 [DEBUG]  		STANDARD ERROR:
2022-03-11 20:05:52 [DEBUG]  			/bin/bash: [running: command not found
2022-03-11 20:05:52 [DEBUG]  			/bin/bash: line 1: [running: command not found
2022-03-11 20:05:52 [DEBUG]  			WARNING: Package(s) not found: freedomrobotics
2022-03-11 20:05:52 [DEBUG]  		ERROR RESPONSE CODE: 1, EXECUTION TIME: 9.75s
2022-03-11 20:05:52 [CRITI]  [31m    - PACKAGE NOT INSTALLED ([running ~/.bashrc]
[running common_alias.bash]
3.8)[39m
2022-03-11 20:05:52 [CRITI]  [31m[39m
2022-03-11 20:05:52 [CRITI]  [31mUPLOADING INSTALL ERROR REPORT[39m
2022-03-11 20:05:52 [DEBUG]  		EXECUTING SYSTEM COMMAND: /bin/bash -c "pgrep fr_agent"
2022-03-11 20:05:56 [DEBUG]  		ERROR RESPONSE CODE: 1, EXECUTION TIME: 3.98s
2022-03-11 20:05:57 [DEBUG]  		EXECUTING SYSTEM COMMAND: /bin/bash -c "pgrep fr_agent"
2022-03-11 20:06:01 [DEBUG]  		ERROR RESPONSE CODE: 1, EXECUTION TIME: 3.93s
2022-03-11 20:06:02 [DEBUG]  		EXECUTING SYSTEM COMMAND: /bin/bash -c "pgrep fr_agent"
2022-03-11 20:06:06 [DEBUG]  		ERROR RESPONSE CODE: 1, EXECUTION TIME: 3.90s
2022-03-11 20:06:07 [DEBUG]  		EXECUTING SYSTEM COMMAND: /bin/bash -c "pgrep fr_agent"
2022-03-11 20:06:11 [DEBUG]  		ERROR RESPONSE CODE: 1, EXECUTION TIME: 3.89s
2022-03-11 20:06:12 [DEBUG]  		EXECUTING SYSTEM COMMAND: /bin/bash -c "pgrep fr_agent"
2022-03-11 20:06:15 [DEBUG]  		ERROR RESPONSE CODE: 1, EXECUTION TIME: 3.88s
2022-03-11 20:06:16 [DEBUG]  		EXECUTING SYSTEM COMMAND: /bin/bash -c "service_path=\$(which service) && output=\$( \$service_path ssh status ) && echo \"\$output\""
2022-03-11 20:06:24 [DEBUG]  		SUCCESS RESPONSE CODE: 0, EXECUTION TIME: 7.77s
2022-03-11 20:06:24 [DEBUG]  		EXECUTING SYSTEM COMMAND: /bin/bash -c "/usr/bin/python -m pip show freedomrobotics"
2022-03-11 20:06:28 [DEBUG]  		STANDARD ERROR:
2022-03-11 20:06:28 [DEBUG]  			/usr/bin/python: No module named pip
2022-03-11 20:06:28 [DEBUG]  		ERROR RESPONSE CODE: 1, EXECUTION TIME: 3.44s
2022-03-11 20:06:28 [DEBUG]  		EXECUTING SYSTEM COMMAND: /bin/bash -c "/usr/bin/python -c 'import sys; print(\"{}.{}\".format(sys.version_info.major, sys.version_info.minor))'"
2022-03-11 20:06:31 [DEBUG]  		SUCCESS RESPONSE CODE: 0, EXECUTION TIME: 3.55s
2022-03-11 20:06:31 [DEBUG]  		EXECUTING SYSTEM COMMAND: /bin/bash -c "[running ~/.bashrc]
[running common_alias.bash]
/usr/bin/python3 -m pip show freedomrobotics"
2022-03-11 20:06:42 [DEBUG]  		STANDARD ERROR:
2022-03-11 20:06:42 [DEBUG]  			/bin/bash: [running: command not found
2022-03-11 20:06:42 [DEBUG]  			/bin/bash: line 1: [running: command not found
2022-03-11 20:06:42 [DEBUG]  			WARNING: Package(s) not found: freedomrobotics
2022-03-11 20:06:42 [DEBUG]  		ERROR RESPONSE CODE: 1, EXECUTION TIME: 10.99s
2022-03-11 20:06:42 [DEBUG]  		EXECUTING SYSTEM COMMAND: /bin/bash -c "[running ~/.bashrc]
[running common_alias.bash]
/usr/bin/python3 -c 'import sys; print(\"{}.{}\".format(sys.version_info.major, sys.version_info.minor))'"
2022-03-11 20:06:46 [DEBUG]  		STANDARD ERROR:
2022-03-11 20:06:46 [DEBUG]  			/bin/bash: [running: command not found
2022-03-11 20:06:46 [DEBUG]  			/bin/bash: line 1: [running: command not found
2022-03-11 20:06:46 [DEBUG]  		SUCCESS RESPONSE CODE: 0, EXECUTION TIME: 3.67s
2022-03-11 20:06:46 [DEBUG]  		EXECUTING SYSTEM COMMAND: /bin/bash -c "[running ~/.bashrc]
[running common_alias.bash]
/usr/bin/python3 -m pip show aiortc"
2022-03-11 20:06:56 [DEBUG]  		STANDARD ERROR:
2022-03-11 20:06:56 [DEBUG]  			/bin/bash: [running: command not found
2022-03-11 20:06:56 [DEBUG]  			/bin/bash: line 1: [running: command not found
2022-03-11 20:06:56 [DEBUG]  			WARNING: Package(s) not found: aiortc
2022-03-11 20:06:56 [DEBUG]  		ERROR RESPONSE CODE: 1, EXECUTION TIME: 9.73s
2022-03-11 20:06:56 [DEBUG]  		EXECUTING SYSTEM COMMAND: /bin/bash -c "/usr/bin/python -c \"
import warnings
warnings.filterwarnings('ignore')
import json
import platform
import sys

try:
    import distro
except ImportError:
    # we don't have distro module
    distro = lambda: None
    distro.linux_distribution = lambda: 'Failed to get: Distro is not available.'

try:
    from pip import __version__ as pip_version
except ImportError:
    # we don't have pip module
    pip_version = '0.0.0 (Pip is not available.)'

try:
    from packaging import __version__ as packaging_version
except ImportError:
    # we don't have pip module
    packaging_version = '0.0.0 (Packaging is not available.)'

try:
    from packaging import tags
    pip_supported_tags = list(tags.cpython_tags())
except ImportError:
    try:
        if pip_version < '20.1' and pip_version >= '10.0':
            from pip._internal import pep425tags
            pip_supported_tags = pep425tags.get_supported()
        elif pip_version >= '1.4':
            from pip import pep425tags
            pip_supported_tags = pep425tags.get_supported()
        else:
            pip_supported_tags = []
    except ImportError:
        pip_supported_tags = []

if pip_supported_tags and hasattr(pip_supported_tags[0], 'platform'):
    pip_supported_tags = [(tag.interpreter, tag.abi, tag.platform) for tag in pip_supported_tags]

print(json.dumps({
    'platform_system': platform.system(),
    'platform_release': platform.release(),
    'platform_machine': platform.machine(),
    'platform_processor': platform.processor(),
    'platform_linux_distribution': 
        platform.linux_distribution() if hasattr(platform, 'linux_distribution') else distro.linux_distribution(),
    'platform_mac_ver': platform.mac_ver(),
    'platform_uname': platform.uname(),
    'platform_python_implementation': platform.python_implementation(),
    'platform_python_version': platform.python_version(),
    'platform_python_compiler': platform.python_compiler(),
    'platform_python_build': platform.python_build(),
    'pip_supported_tags': pip_supported_tags,
    'pip_version': pip_version,
    'packaging_version': packaging_version,
}))
\""
2022-03-11 20:06:59 [DEBUG]  		SUCCESS RESPONSE CODE: 0, EXECUTION TIME: 3.68s
2022-03-11 20:06:59 [CRITI]  [31mCould not upload installation report: <type 'exceptions.ValueError'> No JSON object could be decoded[39m
2022-03-11 20:06:59 [DEBUG]  Traceback (most recent call last):
  File "<stdin>", line 2188, in upload_report
  File "<stdin>", line 169, in wrapped
  File "<stdin>", line 984, in platform_details
  File "/usr/lib/python2.7/json/__init__.py", line 339, in loads
    return _default_decoder.decode(s)
  File "/usr/lib/python2.7/json/decoder.py", line 364, in decode
    obj, end = self.raw_decode(s, idx=_w(s, 0).end())
  File "/usr/lib/python2.7/json/decoder.py", line 382, in raw_decode
    raise ValueError("No JSON object could be decoded")
ValueError: No JSON object could be decoded

2022-03-11 20:06:59 [CRITI]  [31m    COMPLETE[39m
2022-03-11 20:06:59 [CRITI]  [31m[39m
2022-03-11 20:06:59 [CRITI]  [31m################################################################################[39m
